<?xml version="1.0" encoding="UTF-8"?>
<robot generator="Robot 6.1.1 (Python 3.12.1 on win32)" generated="20240201 00:07:34.389" rpa="false" schemaversion="4">
<suite id="s1" name="Testcases" source="D:\work\My Project\Automate Testing\classProject-automate-future-skill\testcases\testcases.robot">
<kw name="Open Browser" library="SeleniumLibrary" type="SETUP">
<arg>${URL}</arg>
<arg>chrome</arg>
<doc>Opens a new browser instance to the optional ``url``.</doc>
<msg timestamp="20240201 00:07:34.551" level="INFO">Opening browser 'chrome' to base url 'https://futureskill.co'.</msg>
<status status="PASS" starttime="20240201 00:07:34.550" endtime="20240201 00:07:36.447"/>
</kw>
<test id="s1-t1" name="User Registration on Future Skill" line="8">
<kw name="Open Future Skill Website" library="keyword">
<kw name="Open Browser" library="SeleniumLibrary">
<arg>${URL}</arg>
<arg>${BROWSER}</arg>
<doc>Opens a new browser instance to the optional ``url``.</doc>
<msg timestamp="20240201 00:07:36.449" level="INFO">Opening browser 'Chrome' to base url 'https://futureskill.co'.</msg>
<status status="PASS" starttime="20240201 00:07:36.448" endtime="20240201 00:07:38.348"/>
</kw>
<status status="PASS" starttime="20240201 00:07:36.448" endtime="20240201 00:07:38.348"/>
</kw>
<kw name="Maximize Browser Window" library="SeleniumLibrary">
<doc>Maximizes current browser window.</doc>
<status status="PASS" starttime="20240201 00:07:38.349" endtime="20240201 00:07:38.496"/>
</kw>
<kw name="Set Selenium Speed" library="SeleniumLibrary">
<arg>0.5x</arg>
<doc>Sets the delay that is waited after each Selenium command.</doc>
<status status="PASS" starttime="20240201 00:07:38.497" endtime="20240201 00:07:38.497"/>
</kw>
<kw name="Register User" library="keyword">
<kw name="Wait Until Keyword Succeeds" library="BuiltIn">
<arg>5x</arg>
<arg>4s</arg>
<arg>Click Element</arg>
<arg>xpath://button[text()="สมัครสมาชิก"]</arg>
<doc>Runs the specified keyword and retries if it fails.</doc>
<kw name="Click Element" library="SeleniumLibrary">
<arg>xpath://button[text()="สมัครสมาชิก"]</arg>
<doc>Click the element identified by ``locator``.</doc>
<msg timestamp="20240201 00:07:38.499" level="INFO">Clicking element 'xpath://button[text()="สมัครสมาชิก"]'.</msg>
<status status="PASS" starttime="20240201 00:07:38.498" endtime="20240201 00:07:39.860"/>
</kw>
<status status="PASS" starttime="20240201 00:07:38.498" endtime="20240201 00:07:39.860"/>
</kw>
<kw name="Wait Until Keyword Succeeds" library="BuiltIn">
<arg>5x</arg>
<arg>4s</arg>
<arg>Input Text</arg>
<arg>name:email</arg>
<arg>John.Sun@example.com</arg>
<doc>Runs the specified keyword and retries if it fails.</doc>
<kw name="Input Text" library="SeleniumLibrary">
<arg>name:email</arg>
<arg>John.Sun@example.com</arg>
<doc>Types the given ``text`` into the text field identified by ``locator``.</doc>
<msg timestamp="20240201 00:07:39.861" level="INFO">Typing text 'John.Sun@example.com' into text field 'name:email'.</msg>
<status status="PASS" starttime="20240201 00:07:39.860" endtime="20240201 00:07:40.197"/>
</kw>
<status status="PASS" starttime="20240201 00:07:39.860" endtime="20240201 00:07:40.197"/>
</kw>
<kw name="Wait Until Keyword Succeeds" library="BuiltIn">
<arg>5x</arg>
<arg>4s</arg>
<arg>Input Text</arg>
<arg>name:firstName</arg>
<arg>John</arg>
<doc>Runs the specified keyword and retries if it fails.</doc>
<kw name="Input Text" library="SeleniumLibrary">
<arg>name:firstName</arg>
<arg>John</arg>
<doc>Types the given ``text`` into the text field identified by ``locator``.</doc>
<msg timestamp="20240201 00:07:40.197" level="INFO">Typing text 'John' into text field 'name:firstName'.</msg>
<status status="PASS" starttime="20240201 00:07:40.197" endtime="20240201 00:07:40.260"/>
</kw>
<status status="PASS" starttime="20240201 00:07:40.197" endtime="20240201 00:07:40.260"/>
</kw>
<kw name="Wait Until Keyword Succeeds" library="BuiltIn">
<arg>5x</arg>
<arg>4s</arg>
<arg>Input Text</arg>
<arg>name:lastName</arg>
<arg>Sun</arg>
<doc>Runs the specified keyword and retries if it fails.</doc>
<kw name="Input Text" library="SeleniumLibrary">
<arg>name:lastName</arg>
<arg>Sun</arg>
<doc>Types the given ``text`` into the text field identified by ``locator``.</doc>
<msg timestamp="20240201 00:07:40.260" level="INFO">Typing text 'Sun' into text field 'name:lastName'.</msg>
<status status="PASS" starttime="20240201 00:07:40.260" endtime="20240201 00:07:40.313"/>
</kw>
<status status="PASS" starttime="20240201 00:07:40.260" endtime="20240201 00:07:40.313"/>
</kw>
<kw name="Wait Until Keyword Succeeds" library="BuiltIn">
<arg>5x</arg>
<arg>4s</arg>
<arg>Input Text</arg>
<arg>name:phoneNumber</arg>
<arg>0806305396</arg>
<doc>Runs the specified keyword and retries if it fails.</doc>
<kw name="Input Text" library="SeleniumLibrary">
<arg>name:phoneNumber</arg>
<arg>0806305396</arg>
<doc>Types the given ``text`` into the text field identified by ``locator``.</doc>
<msg timestamp="20240201 00:07:40.313" level="INFO">Typing text '0806305396' into text field 'name:phoneNumber'.</msg>
<status status="PASS" starttime="20240201 00:07:40.313" endtime="20240201 00:07:40.428"/>
</kw>
<status status="PASS" starttime="20240201 00:07:40.313" endtime="20240201 00:07:40.428"/>
</kw>
<kw name="Wait Until Keyword Succeeds" library="BuiltIn">
<arg>5x</arg>
<arg>4s</arg>
<arg>Input Text</arg>
<arg>name:newPassword</arg>
<arg>Js@123456789</arg>
<doc>Runs the specified keyword and retries if it fails.</doc>
<kw name="Input Text" library="SeleniumLibrary">
<arg>name:newPassword</arg>
<arg>Js@123456789</arg>
<doc>Types the given ``text`` into the text field identified by ``locator``.</doc>
<msg timestamp="20240201 00:07:40.428" level="INFO">Typing text 'Js@123456789' into text field 'name:newPassword'.</msg>
<status status="PASS" starttime="20240201 00:07:40.428" endtime="20240201 00:07:40.504"/>
</kw>
<status status="PASS" starttime="20240201 00:07:40.428" endtime="20240201 00:07:40.504"/>
</kw>
<kw name="Wait Until Keyword Succeeds" library="BuiltIn">
<arg>5x</arg>
<arg>4s</arg>
<arg>Input Text</arg>
<arg>name:confirmPassword</arg>
<arg>Js@123456789</arg>
<doc>Runs the specified keyword and retries if it fails.</doc>
<kw name="Input Text" library="SeleniumLibrary">
<arg>name:confirmPassword</arg>
<arg>Js@123456789</arg>
<doc>Types the given ``text`` into the text field identified by ``locator``.</doc>
<msg timestamp="20240201 00:07:40.504" level="INFO">Typing text 'Js@123456789' into text field 'name:confirmPassword'.</msg>
<status status="PASS" starttime="20240201 00:07:40.504" endtime="20240201 00:07:40.566"/>
</kw>
<status status="PASS" starttime="20240201 00:07:40.504" endtime="20240201 00:07:40.566"/>
</kw>
<kw name="Wait Until Keyword Succeeds" library="BuiltIn">
<arg>5x</arg>
<arg>4s</arg>
<arg>Click Element</arg>
<arg>xpath://input[@type="checkbox"]</arg>
<doc>Runs the specified keyword and retries if it fails.</doc>
<kw name="Click Element" library="SeleniumLibrary">
<arg>xpath://input[@type="checkbox"]</arg>
<doc>Click the element identified by ``locator``.</doc>
<msg timestamp="20240201 00:07:40.566" level="INFO">Clicking element 'xpath://input[@type="checkbox"]'.</msg>
<status status="PASS" starttime="20240201 00:07:40.566" endtime="20240201 00:07:40.619"/>
</kw>
<status status="PASS" starttime="20240201 00:07:40.566" endtime="20240201 00:07:40.619"/>
</kw>
<kw name="Wait Until Keyword Succeeds" library="BuiltIn">
<arg>5x</arg>
<arg>4s</arg>
<arg>Click Element</arg>
<arg>xpath://button[text()="สมัครสมาชิก"]</arg>
<doc>Runs the specified keyword and retries if it fails.</doc>
<kw name="Click Element" library="SeleniumLibrary">
<arg>xpath://button[text()="สมัครสมาชิก"]</arg>
<doc>Click the element identified by ``locator``.</doc>
<msg timestamp="20240201 00:07:40.620" level="INFO">Clicking element 'xpath://button[text()="สมัครสมาชิก"]'.</msg>
<status status="PASS" starttime="20240201 00:07:40.619" endtime="20240201 00:07:40.713"/>
</kw>
<status status="PASS" starttime="20240201 00:07:40.619" endtime="20240201 00:07:40.713"/>
</kw>
<kw name="Wait Until Page Contains" library="SeleniumLibrary">
<arg>ระบบได้ส่งรหัส OTP ไปยังเบอร์โทรศัพท์</arg>
<doc>Waits until ``text`` appears on the current page.</doc>
<status status="PASS" starttime="20240201 00:07:40.713" endtime="20240201 00:07:42.234"/>
</kw>
<status status="PASS" starttime="20240201 00:07:38.498" endtime="20240201 00:07:42.234"/>
</kw>
<kw name="Close Browser" library="SeleniumLibrary">
<doc>Closes the current browser.</doc>
<status status="PASS" starttime="20240201 00:07:42.235" endtime="20240201 00:07:44.362"/>
</kw>
<status status="PASS" starttime="20240201 00:07:36.447" endtime="20240201 00:07:44.363"/>
</test>
<kw name="Close Browser" library="SeleniumLibrary" type="TEARDOWN">
<doc>Closes the current browser.</doc>
<status status="PASS" starttime="20240201 00:07:44.368" endtime="20240201 00:07:44.368"/>
</kw>
<status status="PASS" starttime="20240201 00:07:34.390" endtime="20240201 00:07:44.368"/>
</suite>
<statistics>
<total>
<stat pass="1" fail="0" skip="0">All Tests</stat>
</total>
<tag>
</tag>
<suite>
<stat pass="1" fail="0" skip="0" id="s1" name="Testcases">Testcases</stat>
</suite>
</statistics>
<errors>
</errors>
</robot>
